{
  service: 'user-service',
  statusCode: 409,
  level: 'error',
  message: '🚀 globalErrorHandler  Academic semester is already exist !',
  stack: 'Error: Academic semester is already exist !\n' +
    '    at model.<anonymous> (E:\\Next Level 2\\university-management-auth-service\\src\\app\\modules\\academicSemester\\academicSemester.model.ts:41:11)\n' +
    '    at Generator.next (<anonymous>)\n' +
    '    at fulfilled (E:\\Next Level 2\\university-management-auth-service\\src\\app\\modules\\academicSemester\\academicSemester.model.ts:5:58)\n' +
    '    at processTicksAndRejections (node:internal/process/task_queues:96:5)',
  label: 'PH',
  timestamp: '2023-08-03T05:45:00.094Z'
}
{
  service: 'user-service',
  statusCode: 400,
  level: 'error',
  message: '🚀 globalErrorHandler  Invalid Semster Code',
  stack: 'Error: Invalid Semster Code\n' +
    '    at E:\\Next Level 2\\university-management-auth-service\\src\\app\\modules\\academicSemester\\academicSemester.service.ts:12:11\n' +
    '    at Generator.next (<anonymous>)\n' +
    '    at fulfilled (E:\\Next Level 2\\university-management-auth-service\\src\\app\\modules\\academicSemester\\academicSemester.service.ts:5:58)\n' +
    '    at processTicksAndRejections (node:internal/process/task_queues:96:5)',
  label: 'PH',
  timestamp: '2023-08-03T05:45:10.181Z'
}
{
  service: 'user-service',
  statusCode: 409,
  level: 'error',
  message: '🚀 globalErrorHandler  Academic semester is already exist !',
  stack: 'Error: Academic semester is already exist !\n' +
    '    at model.<anonymous> (E:\\Next Level 2\\university-management-auth-service\\src\\app\\modules\\academicSemester\\academicSemester.model.ts:41:11)\n' +
    '    at Generator.next (<anonymous>)\n' +
    '    at fulfilled (E:\\Next Level 2\\university-management-auth-service\\src\\app\\modules\\academicSemester\\academicSemester.model.ts:5:58)\n' +
    '    at processTicksAndRejections (node:internal/process/task_queues:96:5)',
  label: 'PH',
  timestamp: '2023-08-03T05:53:04.524Z'
}
{
  service: 'user-service',
  statusCode: 409,
  level: 'error',
  message: '🚀 globalErrorHandler  Academic semester is already exist !',
  stack: 'Error: Academic semester is already exist !\n' +
    '    at model.<anonymous> (E:\\Next Level 2\\university-management-auth-service\\src\\app\\modules\\academicSemester\\academicSemester.model.ts:41:11)\n' +
    '    at Generator.next (<anonymous>)\n' +
    '    at fulfilled (E:\\Next Level 2\\university-management-auth-service\\src\\app\\modules\\academicSemester\\academicSemester.model.ts:5:58)\n' +
    '    at processTicksAndRejections (node:internal/process/task_queues:96:5)',
  label: 'PH',
  timestamp: '2023-08-03T05:53:32.839Z'
}
{
  service: 'user-service',
  statusCode: 400,
  level: 'error',
  message: '🚀 globalErrorHandler  Invalid Semster Code',
  stack: 'Error: Invalid Semster Code\n' +
    '    at E:\\Next Level 2\\university-management-auth-service\\src\\app\\modules\\academicSemester\\academicSemester.service.ts:12:11\n' +
    '    at Generator.next (<anonymous>)\n' +
    '    at fulfilled (E:\\Next Level 2\\university-management-auth-service\\src\\app\\modules\\academicSemester\\academicSemester.service.ts:5:58)\n' +
    '    at processTicksAndRejections (node:internal/process/task_queues:96:5)',
  label: 'PH',
  timestamp: '2023-08-03T05:53:41.687Z'
}
{
  service: 'user-service',
  statusCode: 409,
  level: 'error',
  message: '🚀 globalErrorHandler  Academic semester is already exist !',
  stack: 'Error: Academic semester is already exist !\n' +
    '    at model.<anonymous> (E:\\Next Level 2\\university-management-auth-service\\src\\app\\modules\\academicSemester\\academicSemester.model.ts:41:11)\n' +
    '    at Generator.next (<anonymous>)\n' +
    '    at fulfilled (E:\\Next Level 2\\university-management-auth-service\\src\\app\\modules\\academicSemester\\academicSemester.model.ts:5:58)\n' +
    '    at processTicksAndRejections (node:internal/process/task_queues:96:5)',
  label: 'PH',
  timestamp: '2023-08-03T05:53:45.822Z'
}
{
  service: 'user-service',
  statusCode: 409,
  level: 'error',
  message: '🚀 globalErrorHandler  Academic semester is already exist !',
  stack: 'Error: Academic semester is already exist !\n' +
    '    at model.<anonymous> (E:\\Next Level 2\\university-management-auth-service\\src\\app\\modules\\academicSemester\\academicSemester.model.ts:41:11)\n' +
    '    at Generator.next (<anonymous>)\n' +
    '    at fulfilled (E:\\Next Level 2\\university-management-auth-service\\src\\app\\modules\\academicSemester\\academicSemester.model.ts:5:58)\n' +
    '    at processTicksAndRejections (node:internal/process/task_queues:96:5)',
  label: 'PH',
  timestamp: '2023-08-03T05:54:40.393Z'
}
{
  service: 'user-service',
  statusCode: 400,
  level: 'error',
  message: '🚀 globalErrorHandler  Invalid Semster Code',
  stack: 'Error: Invalid Semster Code\n' +
    '    at E:\\Next Level 2\\university-management-auth-service\\src\\app\\modules\\academicSemester\\academicSemester.service.ts:12:11\n' +
    '    at Generator.next (<anonymous>)\n' +
    '    at fulfilled (E:\\Next Level 2\\university-management-auth-service\\src\\app\\modules\\academicSemester\\academicSemester.service.ts:5:58)\n' +
    '    at processTicksAndRejections (node:internal/process/task_queues:96:5)',
  label: 'PH',
  timestamp: '2023-08-03T05:54:45.699Z'
}
{
  service: 'user-service',
  statusCode: 409,
  level: 'error',
  message: '🚀 globalErrorHandler  Academic semester is already exist !',
  stack: 'Error: Academic semester is already exist !\n' +
    '    at model.<anonymous> (E:\\Next Level 2\\university-management-auth-service\\src\\app\\modules\\academicSemester\\academicSemester.model.ts:41:11)\n' +
    '    at Generator.next (<anonymous>)\n' +
    '    at fulfilled (E:\\Next Level 2\\university-management-auth-service\\src\\app\\modules\\academicSemester\\academicSemester.model.ts:5:58)\n' +
    '    at processTicksAndRejections (node:internal/process/task_queues:96:5)',
  label: 'PH',
  timestamp: '2023-08-03T05:54:47.864Z'
}
{
  service: 'user-service',
  statusCode: 400,
  level: 'error',
  message: '🚀 globalErrorHandler  Invalid Semster Code',
  stack: 'Error: Invalid Semster Code\n' +
    '    at E:\\Next Level 2\\university-management-auth-service\\src\\app\\modules\\academicSemester\\academicSemester.service.ts:11:11\n' +
    '    at Generator.next (<anonymous>)\n' +
    '    at E:\\Next Level 2\\university-management-auth-service\\src\\app\\modules\\academicSemester\\academicSemester.service.ts:8:71\n' +
    '    at new Promise (<anonymous>)\n' +
    '    at __awaiter (E:\\Next Level 2\\university-management-auth-service\\src\\app\\modules\\academicSemester\\academicSemester.service.ts:4:12)\n' +
    '    at Object.createSemester (E:\\Next Level 2\\university-management-auth-service\\src\\app\\modules\\academicSemester\\academicSemester.service.ts:9:33)\n' +
    '    at E:\\Next Level 2\\university-management-auth-service\\src\\app\\modules\\academicSemester\\academicSemester.controller.ts:7:50\n' +
    '    at Generator.next (<anonymous>)\n' +
    '    at E:\\Next Level 2\\university-management-auth-service\\src\\app\\modules\\academicSemester\\academicSemester.controller.ts:8:71\n' +
    '    at new Promise (<anonymous>)',
  label: 'PH',
  timestamp: '2023-08-03T05:55:28.356Z'
}
{
  service: 'user-service',
  statusCode: 400,
  level: 'error',
  message: '🚀 globalErrorHandler  Invalid Semster Code',
  stack: 'Error: Invalid Semster Code\n' +
    '    at E:\\Next Level 2\\university-management-auth-service\\src\\app\\modules\\academicSemester\\academicSemester.service.ts:11:11\n' +
    '    at Generator.next (<anonymous>)\n' +
    '    at E:\\Next Level 2\\university-management-auth-service\\src\\app\\modules\\academicSemester\\academicSemester.service.ts:8:71\n' +
    '    at new Promise (<anonymous>)\n' +
    '    at __awaiter (E:\\Next Level 2\\university-management-auth-service\\src\\app\\modules\\academicSemester\\academicSemester.service.ts:4:12)\n' +
    '    at Object.createSemester (E:\\Next Level 2\\university-management-auth-service\\src\\app\\modules\\academicSemester\\academicSemester.service.ts:9:33)\n' +
    '    at E:\\Next Level 2\\university-management-auth-service\\src\\app\\modules\\academicSemester\\academicSemester.controller.ts:7:50\n' +
    '    at Generator.next (<anonymous>)\n' +
    '    at E:\\Next Level 2\\university-management-auth-service\\src\\app\\modules\\academicSemester\\academicSemester.controller.ts:8:71\n' +
    '    at new Promise (<anonymous>)',
  label: 'PH',
  timestamp: '2023-08-03T05:55:29.276Z'
}
{
  service: 'user-service',
  statusCode: 400,
  level: 'error',
  message: '🚀 globalErrorHandler  Invalid Semster Code',
  stack: 'Error: Invalid Semster Code\n' +
    '    at E:\\Next Level 2\\university-management-auth-service\\src\\app\\modules\\academicSemester\\academicSemester.service.ts:11:11\n' +
    '    at Generator.next (<anonymous>)\n' +
    '    at E:\\Next Level 2\\university-management-auth-service\\src\\app\\modules\\academicSemester\\academicSemester.service.ts:8:71\n' +
    '    at new Promise (<anonymous>)\n' +
    '    at __awaiter (E:\\Next Level 2\\university-management-auth-service\\src\\app\\modules\\academicSemester\\academicSemester.service.ts:4:12)\n' +
    '    at Object.createSemester (E:\\Next Level 2\\university-management-auth-service\\src\\app\\modules\\academicSemester\\academicSemester.service.ts:9:33)\n' +
    '    at E:\\Next Level 2\\university-management-auth-service\\src\\app\\modules\\academicSemester\\academicSemester.controller.ts:7:50\n' +
    '    at Generator.next (<anonymous>)\n' +
    '    at E:\\Next Level 2\\university-management-auth-service\\src\\app\\modules\\academicSemester\\academicSemester.controller.ts:8:71\n' +
    '    at new Promise (<anonymous>)',
  label: 'PH',
  timestamp: '2023-08-03T05:55:30.177Z'
}
{
  service: 'user-service',
  statusCode: 400,
  level: 'error',
  message: '🚀 globalErrorHandler  Invalid Semster Code',
  stack: 'Error: Invalid Semster Code\n' +
    '    at E:\\Next Level 2\\university-management-auth-service\\src\\app\\modules\\academicSemester\\academicSemester.service.ts:11:11\n' +
    '    at Generator.next (<anonymous>)\n' +
    '    at E:\\Next Level 2\\university-management-auth-service\\src\\app\\modules\\academicSemester\\academicSemester.service.ts:8:71\n' +
    '    at new Promise (<anonymous>)\n' +
    '    at __awaiter (E:\\Next Level 2\\university-management-auth-service\\src\\app\\modules\\academicSemester\\academicSemester.service.ts:4:12)\n' +
    '    at Object.createSemester (E:\\Next Level 2\\university-management-auth-service\\src\\app\\modules\\academicSemester\\academicSemester.service.ts:9:33)\n' +
    '    at E:\\Next Level 2\\university-management-auth-service\\src\\app\\modules\\academicSemester\\academicSemester.controller.ts:7:50\n' +
    '    at Generator.next (<anonymous>)\n' +
    '    at E:\\Next Level 2\\university-management-auth-service\\src\\app\\modules\\academicSemester\\academicSemester.controller.ts:8:71\n' +
    '    at new Promise (<anonymous>)',
  label: 'PH',
  timestamp: '2023-08-03T05:59:45.468Z'
}
{
  service: 'user-service',
  statusCode: 400,
  level: 'error',
  message: '🚀 globalErrorHandler  Invalid Semster Code',
  stack: 'Error: Invalid Semster Code\n' +
    '    at E:\\Next Level 2\\university-management-auth-service\\src\\app\\modules\\academicSemester\\academicSemester.service.ts:11:11\n' +
    '    at Generator.next (<anonymous>)\n' +
    '    at E:\\Next Level 2\\university-management-auth-service\\src\\app\\modules\\academicSemester\\academicSemester.service.ts:8:71\n' +
    '    at new Promise (<anonymous>)\n' +
    '    at __awaiter (E:\\Next Level 2\\university-management-auth-service\\src\\app\\modules\\academicSemester\\academicSemester.service.ts:4:12)\n' +
    '    at Object.createSemester (E:\\Next Level 2\\university-management-auth-service\\src\\app\\modules\\academicSemester\\academicSemester.service.ts:9:33)\n' +
    '    at E:\\Next Level 2\\university-management-auth-service\\src\\app\\modules\\academicSemester\\academicSemester.controller.ts:7:50\n' +
    '    at Generator.next (<anonymous>)\n' +
    '    at E:\\Next Level 2\\university-management-auth-service\\src\\app\\modules\\academicSemester\\academicSemester.controller.ts:8:71\n' +
    '    at new Promise (<anonymous>)',
  label: 'PH',
  timestamp: '2023-08-03T05:59:47.909Z'
}
