{
  message: 'Database is connected succesfully Working',
  level: 'info',
  service: 'user-service',
  label: 'PH',
  timestamp: '2023-06-13T09:20:11.464Z'
}
{
  message: 'Application listening on port 5000',
  level: 'info',
  service: 'user-service',
  label: 'PH',
  timestamp: '2023-06-13T09:20:11.469Z'
}
{
  message: 'Database is connected succesfully Working',
  level: 'info',
  service: 'user-service',
  label: 'PH',
  timestamp: '2023-06-13T09:20:56.043Z'
}
{
  message: 'Application listening on port 5000',
  level: 'info',
  service: 'user-service',
  label: 'PH',
  timestamp: '2023-06-13T09:20:56.048Z'
}
{
  message: 'Database is connected succesfully Working',
  level: 'info',
  service: 'user-service',
  label: 'PH',
  timestamp: '2023-06-13T09:26:54.761Z'
}
{
  message: 'Application listening on port 5000',
  level: 'info',
  service: 'user-service',
  label: 'PH',
  timestamp: '2023-06-13T09:26:54.772Z'
}
{
  message: 'Database is connected succesfully Working',
  level: 'info',
  service: 'user-service',
  label: 'PH',
  timestamp: '2023-06-13T09:33:28.077Z'
}
{
  message: 'Application listening on port 5000',
  level: 'info',
  service: 'user-service',
  label: 'PH',
  timestamp: '2023-06-13T09:33:28.088Z'
}
{
  message: 'Database is connected succesfully Working',
  level: 'info',
  service: 'user-service',
  label: 'PH',
  timestamp: '2023-06-13T09:37:57.774Z'
}
{
  message: 'Application listening on port 5000',
  level: 'info',
  service: 'user-service',
  label: 'PH',
  timestamp: '2023-06-13T09:37:57.779Z'
}
{
  message: 'Database is connected succesfully Working',
  level: 'info',
  service: 'user-service',
  label: 'PH',
  timestamp: '2023-06-13T09:41:27.920Z'
}
{
  message: 'Application listening on port 5000',
  level: 'info',
  service: 'user-service',
  label: 'PH',
  timestamp: '2023-06-13T09:41:27.950Z'
}
