{
  message: 'Database is connected succesfully Working',
  level: 'info',
  service: 'user-service',
  label: 'PH',
  timestamp: '2023-07-18T06:37:46.093Z'
}
{
  message: 'Application listening on port 5000',
  level: 'info',
  service: 'user-service',
  label: 'PH',
  timestamp: '2023-07-18T06:37:46.100Z'
}
{
  message: 'Database is connected succesfully Working',
  level: 'info',
  service: 'user-service',
  label: 'PH',
  timestamp: '2023-07-18T06:41:14.895Z'
}
{
  message: 'Application listening on port 5000',
  level: 'info',
  service: 'user-service',
  label: 'PH',
  timestamp: '2023-07-18T06:41:14.899Z'
}
{
  message: 'Database is connected succesfully Working',
  level: 'info',
  service: 'user-service',
  label: 'PH',
  timestamp: '2023-07-18T06:41:40.648Z'
}
{
  message: 'Application listening on port 5000',
  level: 'info',
  service: 'user-service',
  label: 'PH',
  timestamp: '2023-07-18T06:41:40.653Z'
}
{
  message: 'Database is connected succesfully Working',
  level: 'info',
  service: 'user-service',
  label: 'PH',
  timestamp: '2023-07-18T06:43:45.179Z'
}
{
  message: 'Application listening on port 5000',
  level: 'info',
  service: 'user-service',
  label: 'PH',
  timestamp: '2023-07-18T06:43:45.183Z'
}
{
  message: 'Database is connected succesfully Working',
  level: 'info',
  service: 'user-service',
  label: 'PH',
  timestamp: '2023-07-18T06:45:36.710Z'
}
{
  message: 'Application listening on port 5000',
  level: 'info',
  service: 'user-service',
  label: 'PH',
  timestamp: '2023-07-18T06:45:36.715Z'
}
{
  message: 'Database is connected succesfully Working',
  level: 'info',
  service: 'user-service',
  label: 'PH',
  timestamp: '2023-07-18T06:45:47.510Z'
}
{
  message: 'Application listening on port 5000',
  level: 'info',
  service: 'user-service',
  label: 'PH',
  timestamp: '2023-07-18T06:45:47.514Z'
}
{
  message: 'Database is connected succesfully Working',
  level: 'info',
  service: 'user-service',
  label: 'PH',
  timestamp: '2023-07-18T06:45:59.858Z'
}
{
  message: 'Application listening on port 5000',
  level: 'info',
  service: 'user-service',
  label: 'PH',
  timestamp: '2023-07-18T06:45:59.862Z'
}
{
  message: 'Database is connected succesfully Working',
  level: 'info',
  service: 'user-service',
  label: 'PH',
  timestamp: '2023-07-18T06:46:30.435Z'
}
{
  message: 'Application listening on port 5000',
  level: 'info',
  service: 'user-service',
  label: 'PH',
  timestamp: '2023-07-18T06:46:30.439Z'
}
{
  message: 'Database is connected succesfully Working',
  level: 'info',
  service: 'user-service',
  label: 'PH',
  timestamp: '2023-07-18T06:48:03.598Z'
}
{
  message: 'Application listening on port 5000',
  level: 'info',
  service: 'user-service',
  label: 'PH',
  timestamp: '2023-07-18T06:48:03.602Z'
}
{
  message: 'Database is connected succesfully Working',
  level: 'info',
  service: 'user-service',
  label: 'PH',
  timestamp: '2023-07-18T06:51:56.805Z'
}
{
  message: 'Application listening on port 5000',
  level: 'info',
  service: 'user-service',
  label: 'PH',
  timestamp: '2023-07-18T06:51:56.809Z'
}
{
  message: 'Database is connected succesfully Working',
  level: 'info',
  service: 'user-service',
  label: 'PH',
  timestamp: '2023-07-18T06:54:29.670Z'
}
{
  message: 'Application listening on port 5000',
  level: 'info',
  service: 'user-service',
  label: 'PH',
  timestamp: '2023-07-18T06:54:29.675Z'
}
{
  message: 'Database is connected succesfully Working',
  level: 'info',
  service: 'user-service',
  label: 'PH',
  timestamp: '2023-07-18T06:54:38.292Z'
}
{
  message: 'Application listening on port 5000',
  level: 'info',
  service: 'user-service',
  label: 'PH',
  timestamp: '2023-07-18T06:54:38.299Z'
}
