{
  message: 'Database is connected succesfully Working',
  level: 'info',
  service: 'user-service',
  label: 'PH',
  timestamp: '2023-06-13T07:29:09.146Z'
}
{
  message: 'Application listening on port 5000',
  level: 'info',
  service: 'user-service',
  label: 'PH',
  timestamp: '2023-06-13T07:29:09.151Z'
}
{
  message: 'Database is connected succesfully Working',
  level: 'info',
  service: 'user-service',
  label: 'PH',
  timestamp: '2023-06-13T07:46:37.686Z'
}
{
  message: 'Application listening on port 5000',
  level: 'info',
  service: 'user-service',
  label: 'PH',
  timestamp: '2023-06-13T07:46:37.703Z'
}
{
  message: 'Database is connected succesfully Working',
  level: 'info',
  service: 'user-service',
  label: 'PH',
  timestamp: '2023-06-13T07:48:04.957Z'
}
{
  message: 'Application listening on port 5000',
  level: 'info',
  service: 'user-service',
  label: 'PH',
  timestamp: '2023-06-13T07:48:04.965Z'
}
{
  message: 'Database is connected succesfully Working',
  level: 'info',
  service: 'user-service',
  label: 'PH',
  timestamp: '2023-06-13T07:49:55.302Z'
}
{
  message: 'Application listening on port 5000',
  level: 'info',
  service: 'user-service',
  label: 'PH',
  timestamp: '2023-06-13T07:49:55.316Z'
}
{
  message: 'Database is connected succesfully Working',
  level: 'info',
  service: 'user-service',
  label: 'PH',
  timestamp: '2023-06-13T07:50:32.752Z'
}
{
  message: 'Application listening on port 5000',
  level: 'info',
  service: 'user-service',
  label: 'PH',
  timestamp: '2023-06-13T07:50:32.768Z'
}
{
  message: 'Database is connected succesfully Working',
  level: 'info',
  service: 'user-service',
  label: 'PH',
  timestamp: '2023-06-13T07:50:43.070Z'
}
{
  message: 'Application listening on port 5000',
  level: 'info',
  service: 'user-service',
  label: 'PH',
  timestamp: '2023-06-13T07:50:43.085Z'
}
