{
  message: 'Database is connected succesfully Working',
  level: 'info',
  service: 'user-service',
  label: 'PH',
  timestamp: '2023-06-13T10:02:41.831Z'
}
{
  message: 'Application listening on port 5000',
  level: 'info',
  service: 'user-service',
  label: 'PH',
  timestamp: '2023-06-13T10:02:41.852Z'
}
{
  message: 'Database is connected succesfully Working',
  level: 'info',
  service: 'user-service',
  label: 'PH',
  timestamp: '2023-06-13T10:04:24.360Z'
}
{
  message: 'Application listening on port 5000',
  level: 'info',
  service: 'user-service',
  label: 'PH',
  timestamp: '2023-06-13T10:04:24.366Z'
}
{
  message: 'Database is connected succesfully Working',
  level: 'info',
  service: 'user-service',
  label: 'PH',
  timestamp: '2023-06-13T10:04:39.098Z'
}
{
  message: 'Application listening on port 5000',
  level: 'info',
  service: 'user-service',
  label: 'PH',
  timestamp: '2023-06-13T10:04:39.122Z'
}
{
  message: 'Database is connected succesfully Working',
  level: 'info',
  service: 'user-service',
  label: 'PH',
  timestamp: '2023-06-13T10:06:00.622Z'
}
{
  message: 'Application listening on port 5000',
  level: 'info',
  service: 'user-service',
  label: 'PH',
  timestamp: '2023-06-13T10:06:00.628Z'
}
{
  message: 'Database is connected succesfully Working',
  level: 'info',
  service: 'user-service',
  label: 'PH',
  timestamp: '2023-06-13T10:08:22.302Z'
}
{
  message: 'Application listening on port 5000',
  level: 'info',
  service: 'user-service',
  label: 'PH',
  timestamp: '2023-06-13T10:08:22.308Z'
}
