{
  message: 'Database is connected succesfully Working',
  level: 'info',
  service: 'user-service',
  label: 'PH',
  timestamp: '2023-08-03T06:00:12.367Z'
}
{
  message: 'Application listening on port 5000',
  level: 'info',
  service: 'user-service',
  label: 'PH',
  timestamp: '2023-08-03T06:00:12.372Z'
}
{
  message: 'Database is connected succesfully Working',
  level: 'info',
  service: 'user-service',
  label: 'PH',
  timestamp: '2023-08-03T06:00:28.468Z'
}
{
  message: 'Application listening on port 5000',
  level: 'info',
  service: 'user-service',
  label: 'PH',
  timestamp: '2023-08-03T06:00:28.473Z'
}
{
  message: 'Database is connected succesfully Working',
  level: 'info',
  service: 'user-service',
  label: 'PH',
  timestamp: '2023-08-03T06:06:11.604Z'
}
{
  message: 'Application listening on port 5000',
  level: 'info',
  service: 'user-service',
  label: 'PH',
  timestamp: '2023-08-03T06:06:11.609Z'
}
{
  message: 'Database is connected succesfully Working',
  level: 'info',
  service: 'user-service',
  label: 'PH',
  timestamp: '2023-08-03T06:06:33.682Z'
}
{
  message: 'Application listening on port 5000',
  level: 'info',
  service: 'user-service',
  label: 'PH',
  timestamp: '2023-08-03T06:06:33.687Z'
}
{
  message: 'Database is connected succesfully Working',
  level: 'info',
  service: 'user-service',
  label: 'PH',
  timestamp: '2023-08-03T06:07:54.775Z'
}
{
  message: 'Application listening on port 5000',
  level: 'info',
  service: 'user-service',
  label: 'PH',
  timestamp: '2023-08-03T06:07:54.780Z'
}
{
  message: 'Database is connected succesfully Working',
  level: 'info',
  service: 'user-service',
  label: 'PH',
  timestamp: '2023-08-03T06:08:08.421Z'
}
{
  message: 'Application listening on port 5000',
  level: 'info',
  service: 'user-service',
  label: 'PH',
  timestamp: '2023-08-03T06:08:08.426Z'
}
{
  message: 'Database is connected succesfully Working',
  level: 'info',
  service: 'user-service',
  label: 'PH',
  timestamp: '2023-08-03T06:22:31.342Z'
}
{
  message: 'Application listening on port 5000',
  level: 'info',
  service: 'user-service',
  label: 'PH',
  timestamp: '2023-08-03T06:22:31.347Z'
}
{
  message: 'Database is connected succesfully Working',
  level: 'info',
  service: 'user-service',
  label: 'PH',
  timestamp: '2023-08-03T06:22:53.628Z'
}
{
  message: 'Application listening on port 5000',
  level: 'info',
  service: 'user-service',
  label: 'PH',
  timestamp: '2023-08-03T06:22:53.634Z'
}
{
  message: 'Database is connected succesfully Working',
  level: 'info',
  service: 'user-service',
  label: 'PH',
  timestamp: '2023-08-03T06:23:30.682Z'
}
{
  message: 'Application listening on port 5000',
  level: 'info',
  service: 'user-service',
  label: 'PH',
  timestamp: '2023-08-03T06:23:30.687Z'
}
{
  message: 'Database is connected succesfully Working',
  level: 'info',
  service: 'user-service',
  label: 'PH',
  timestamp: '2023-08-03T06:37:47.420Z'
}
{
  message: 'Application listening on port 5000',
  level: 'info',
  service: 'user-service',
  label: 'PH',
  timestamp: '2023-08-03T06:37:47.425Z'
}
{
  message: 'Database is connected succesfully Working',
  level: 'info',
  service: 'user-service',
  label: 'PH',
  timestamp: '2023-08-03T06:38:49.768Z'
}
{
  message: 'Application listening on port 5000',
  level: 'info',
  service: 'user-service',
  label: 'PH',
  timestamp: '2023-08-03T06:38:49.773Z'
}
{
  message: 'Database is connected succesfully Working',
  level: 'info',
  service: 'user-service',
  label: 'PH',
  timestamp: '2023-08-03T06:39:01.942Z'
}
{
  message: 'Application listening on port 5000',
  level: 'info',
  service: 'user-service',
  label: 'PH',
  timestamp: '2023-08-03T06:39:01.947Z'
}
{
  message: 'Database is connected succesfully Working',
  level: 'info',
  service: 'user-service',
  label: 'PH',
  timestamp: '2023-08-03T06:39:57.308Z'
}
{
  message: 'Application listening on port 5000',
  level: 'info',
  service: 'user-service',
  label: 'PH',
  timestamp: '2023-08-03T06:39:57.313Z'
}
